<?xml version="1.0" encoding="UTF-8"?>
<testsuite name="CalculatorTest" tests="4" skipped="0" failures="0" errors="0" timestamp="2022-12-22T01:41:23" hostname="A-MIL" time="0.015">
  <properties/>
  <testcase name="add()" classname="CalculatorTest" time="0.012"/>
  <testcase name="times()" classname="CalculatorTest" time="0.0"/>
  <testcase name="division()" classname="CalculatorTest" time="0.0"/>
  <testcase name="difference()" classname="CalculatorTest" time="0.001"/>
  <system-out><![CDATA[]]></system-out>
  <system-err><![CDATA[]]></system-err>
</testsuite>
